<?xml version="1.0" encoding="UTF-8"?>
<!-- Generated by org.testng.reporters.JUnitXMLReporter -->
<testsuite ignored="0" hostname="DESKTOP-MPI1IGO" failures="0" tests="6" name="Test" time="0.131" errors="0" timestamp="2020-05-06T17:20:45 IST">
  <testcase classname="qaquickacademy.Mavenjava.AppiumTest" name="DeleteTwitter" time="0.016"/>
  <testcase classname="qaquickacademy.Mavenjava.AppiumTest" name="PostZira" time="0.003"/>
  <testcase classname="qaquickacademy.Mavenjava.RestApiTest" name="AndroidNativeApp" time="0.002"/>
  <testcase classname="qaquickacademy.Mavenjava.RestApiTest" name="IosApp" time="0.002"/>
  <testcase classname="qaquickacademy.Mavenjava.SeleniumTest" name="BrowserAutomtion" time="0.001"/>
  <testcase classname="qaquickacademy.Mavenjava.SeleniumTest" name="ElementUI" time="0.002"/>
</testsuite> <!-- Test -->
