<?xml version="1.0" encoding="UTF-8"?>
<!-- Generated by org.testng.reporters.JUnitXMLReporter -->
<testsuite hostname="DESKTOP-MPI1IGO" ignored="0" name="Test" tests="6" failures="0" timestamp="2020-05-07T20:19:55 IST" time="0.147" errors="0">
  <testcase name="DeleteTwitter" time="0.014" classname="qaquickacademy.Mavenjava.AppiumTest"/>
  <testcase name="PostZira" time="0.001" classname="qaquickacademy.Mavenjava.AppiumTest"/>
  <testcase name="AndroidNativeApp" time="0.0" classname="qaquickacademy.Mavenjava.RestApiTest"/>
  <testcase name="IosApp" time="0.0" classname="qaquickacademy.Mavenjava.RestApiTest"/>
  <testcase name="BrowserAutomtion" time="0.001" classname="qaquickacademy.Mavenjava.SeleniumTest"/>
  <testcase name="ElementUI" time="0.0" classname="qaquickacademy.Mavenjava.SeleniumTest"/>
</testsuite> <!-- Test -->
