<?xml version="1.0" encoding="UTF-8"?>
<testng-results skipped="0" failed="0" ignored="0" total="6" passed="6">
  <reporter-output>
  </reporter-output>
  <suite name="Suite" duration-ms="147" started-at="2020-05-07T20:19:55 IST" finished-at="2020-05-07T20:19:55 IST">
    <groups>
    </groups>
    <test name="Test" duration-ms="147" started-at="2020-05-07T20:19:55 IST" finished-at="2020-05-07T20:19:55 IST">
      <class name="qaquickacademy.Mavenjava.AppiumTest">
        <test-method status="PASS" signature="DeleteTwitter()[pri:0, instance:qaquickacademy.Mavenjava.AppiumTest@50b494a6]" name="DeleteTwitter" duration-ms="14" started-at="2020-05-07T20:19:55 IST" finished-at="2020-05-07T20:19:55 IST">
          <reporter-output>
          </reporter-output>
        </test-method> <!-- DeleteTwitter -->
        <test-method status="PASS" signature="PostZira()[pri:0, instance:qaquickacademy.Mavenjava.AppiumTest@50b494a6]" name="PostZira" duration-ms="1" started-at="2020-05-07T20:19:55 IST" finished-at="2020-05-07T20:19:55 IST">
          <reporter-output>
          </reporter-output>
        </test-method> <!-- PostZira -->
      </class> <!-- qaquickacademy.Mavenjava.AppiumTest -->
      <class name="qaquickacademy.Mavenjava.RestApiTest">
        <test-method status="PASS" signature="AndroidNativeApp()[pri:0, instance:qaquickacademy.Mavenjava.RestApiTest@3cef309d]" name="AndroidNativeApp" duration-ms="0" started-at="2020-05-07T20:19:55 IST" finished-at="2020-05-07T20:19:55 IST">
          <reporter-output>
          </reporter-output>
        </test-method> <!-- AndroidNativeApp -->
        <test-method status="PASS" signature="IosApp()[pri:0, instance:qaquickacademy.Mavenjava.RestApiTest@3cef309d]" name="IosApp" duration-ms="0" started-at="2020-05-07T20:19:55 IST" finished-at="2020-05-07T20:19:55 IST">
          <reporter-output>
          </reporter-output>
        </test-method> <!-- IosApp -->
      </class> <!-- qaquickacademy.Mavenjava.RestApiTest -->
      <class name="qaquickacademy.Mavenjava.SeleniumTest">
        <test-method status="PASS" signature="BrowserAutomtion()[pri:0, instance:qaquickacademy.Mavenjava.SeleniumTest@32709393]" name="BrowserAutomtion" duration-ms="1" started-at="2020-05-07T20:19:55 IST" finished-at="2020-05-07T20:19:55 IST">
          <reporter-output>
          </reporter-output>
        </test-method> <!-- BrowserAutomtion -->
        <test-method status="PASS" signature="ElementUI()[pri:0, instance:qaquickacademy.Mavenjava.SeleniumTest@32709393]" name="ElementUI" duration-ms="0" started-at="2020-05-07T20:19:55 IST" finished-at="2020-05-07T20:19:55 IST">
          <reporter-output>
          </reporter-output>
        </test-method> <!-- ElementUI -->
      </class> <!-- qaquickacademy.Mavenjava.SeleniumTest -->
    </test> <!-- Test -->
  </suite> <!-- Suite -->
</testng-results>
